2022-05-15 10:40:23.869 -03 [988] LOG:  database system was shut down at 2022-05-15 01:40:59 -03
2022-05-15 10:40:24.193 -03 [6136] LOG:  database system is ready to accept connections
2022-05-15 11:26:02.153 -03 [11152] ERROR:  null value in column "raz_social" violates not-null constraint
2022-05-15 11:26:02.153 -03 [11152] DETAIL:  Failing row contains (1, null, null, null, null, null, null, null, null, null, null, null, null, null, null, null, null, null, null, null, null, null).
2022-05-15 11:26:02.153 -03 [11152] STATEMENT:  INSERT INTO fornecedor
	(id_fornecedor)
	VALUES ($1)
2022-05-15 11:39:25.013 -03 [8880] ERROR:  null value in column "raz_social" violates not-null constraint
2022-05-15 11:39:25.013 -03 [8880] DETAIL:  Failing row contains (1, null, null, null, null, null, null, null, null, null, null, null, null, null, null, null, null, null, null, null, null, null).
2022-05-15 11:39:25.013 -03 [8880] STATEMENT:  INSERT INTO fornecedor
	(id_fornecedor)
	VALUES ($1)
2022-05-15 12:32:03.820 -03 [6184] ERROR:  null value in column "raz_social" violates not-null constraint
2022-05-15 12:32:03.820 -03 [6184] DETAIL:  Failing row contains (1, null, null, null, null, null, null, null, null, null, null, null, null, null, null, null, null, null, null, null, null, null).
2022-05-15 12:32:03.820 -03 [6184] STATEMENT:  INSERT INTO fornecedor
	(id_fornecedor)
	VALUES ($1)
2022-05-15 22:32:11.113 -03 [6136] LOG:  received fast shutdown request
2022-05-15 22:32:11.117 -03 [7420] ERROR:  canceling statement due to user request
2022-05-15 22:32:11.149 -03 [6136] LOG:  aborting any active transactions
2022-05-15 22:32:11.151 -03 [6136] LOG:  worker process: logical replication launcher (PID 7420) exited with exit code 1
2022-05-15 22:32:11.168 -03 [7332] LOG:  shutting down
2022-05-15 22:32:11.481 -03 [6136] LOG:  database system is shut down
